( defined, 0)
( func, 0)
( id, (8, 0))
( (, 0)
( integer, 0)
( id, (47, 0))
( [, 0)
( ], 0)
( ), 0)
( {, 0)
( integer, 0)
( id, (10, 0))
( =, 0)
( length, 0)
( (, 0)
( id, (47, 0))
( ), 0)
( ;, 0)
( id, (13, 0))
( id, (41, 0))
( ;, 0)
( for, 0)
( (, 0)
( id, (5, 0))
( =, 0)
( const, (48, 0))
( ;, 0)
( id, (5, 0))
( <, 0)
( id, (10, 0))
( ;, 0)
( id, (5, 0))
( =, 0)
( id, (5, 0))
( +, 0)
( const, (49, 0))
( ), 0)
( {, 0)
( if, 0)
( (, 0)
( id, (5, 0))
( mod, 0)
( const, (0, 0))
( ), 0)
( id, (41, 0))
( =, 0)
( +, 0)
( const, (12, 0))
( else, 0)
( =, 0)
( +, 0)
( const, (25, 0))
( }, 0)
( return, 0)
( ;, 0)
( }, 0)
